#-----------------------------------------------------------
# Vivado v2019.2 (64-bit)
# SW Build 2708876 on Wed Nov  6 21:40:23 MST 2019
# IP Build 2700528 on Thu Nov  7 00:09:20 MST 2019
# Start of session at: Sat Sep 18 18:02:50 2021
# Process ID: 10768
# Current directory: C:/Users/user/Desktop/Project_Tortick
# Command line: vivado.exe -gui_launcher_event rodinguilauncherevent15116 C:\Users\user\Desktop\Project_Tortick\Project_Tortick.xpr
# Log file: C:/Users/user/Desktop/Project_Tortick/vivado.log
# Journal file: C:/Users/user/Desktop/Project_Tortick\vivado.jou
#-----------------------------------------------------------start_gui
open_project C:/Users/user/Desktop/Project_Tortick/Project_Tortick.xpr
INFO: [Project 1-313] Project file moved from 'D:/8190884/Project_Tortick' since last save.
Scanning sources...
Finished scanning sources
INFO: [IP_Flow 19-234] Refreshing IP repositories
INFO: [IP_Flow 19-1704] No user IP repositories specified
IINFO: [IP_Flow 19-2313] Loaded Vivado IP repository 'D:/Vivado/2019.2/data/ip'.open_project: Time (s): cpu = 00:00:22 ; elapsed = 00:00:18 . Memory (MB): peak = 705.625 ; gain = 124.746
update_compile_order -fileset sources_1
exit
INFO: [Common 17-206] Exiting Vivado at Sat Sep 18 18:07:15 2021...

